<?xml version="1.0" encoding="UTF-8"?>
<!-- Generated by org.testng.reporters.JUnitReportReporter -->
<testsuite ignored="0" hostname="DESKTOP-D78M4RB" failures="0" tests="2" name="com.exmple.NewTest" time="0.006" errors="0" timestamp="08 Oct 2020 08:12:04 GMT" skipped="0">
  <testcase classname="com.exmple.NewTest" name="f" time="0.001"/>
  <testcase classname="com.exmple.NewTest" name="f" time="0.005"/>
</testsuite> <!-- com.exmple.NewTest -->
